<?xml version="1.0" encoding="UTF-8"?>
<testng-results skipped="0" failed="1" total="1" passed="0">
  <reporter-output>
  </reporter-output>
  <suite name="Default suite" duration-ms="18834" started-at="2020-08-17T11:44:12Z" finished-at="2020-08-17T11:44:31Z">
    <groups>
    </groups>
    <test name="Default test" duration-ms="18834" started-at="2020-08-17T11:44:12Z" finished-at="2020-08-17T11:44:31Z">
      <class name="Academy.testGoibibo">
        <test-method status="PASS" signature="driverInvoke()[pri:0, instance:Academy.testGoibibo@400cff1a]" name="driverInvoke" is-config="true" duration-ms="5144" started-at="2020-08-17T17:14:12Z" finished-at="2020-08-17T17:14:17Z">
          <reporter-output>
          </reporter-output>
        </test-method> <!-- driverInvoke -->
        <test-method status="FAIL" signature="Goibibo()[pri:0, instance:Academy.testGoibibo@400cff1a]" name="Goibibo" duration-ms="13645" started-at="2020-08-17T17:14:17Z" finished-at="2020-08-17T17:14:31Z">
          <exception class="java.lang.IndexOutOfBoundsException">
            <message>
              <![CDATA[Index: 16]]>
            </message>
            <full-stacktrace>
              <![CDATA[java.lang.IndexOutOfBoundsException: Index: 16
	at java.util.Collections$EmptyList.get(Unknown Source)
	at Academy.testGoibibo.Goibibo(testGoibibo.java:54)
	at sun.reflect.NativeMethodAccessorImpl.invoke0(Native Method)
	at sun.reflect.NativeMethodAccessorImpl.invoke(Unknown Source)
	at sun.reflect.DelegatingMethodAccessorImpl.invoke(Unknown Source)
	at java.lang.reflect.Method.invoke(Unknown Source)
	at org.testng.internal.MethodInvocationHelper.invokeMethod(MethodInvocationHelper.java:80)
	at org.testng.internal.Invoker.invokeMethod(Invoker.java:714)
	at org.testng.internal.Invoker.invokeTestMethod(Invoker.java:901)
	at org.testng.internal.Invoker.invokeTestMethods(Invoker.java:1231)
	at org.testng.internal.TestMethodWorker.invokeTestMethods(TestMethodWorker.java:127)
	at org.testng.internal.TestMethodWorker.run(TestMethodWorker.java:111)
	at org.testng.TestRunner.privateRun(TestRunner.java:767)
	at org.testng.TestRunner.run(TestRunner.java:617)
	at org.testng.SuiteRunner.runTest(SuiteRunner.java:334)
	at org.testng.SuiteRunner.runSequentially(SuiteRunner.java:329)
	at org.testng.SuiteRunner.privateRun(SuiteRunner.java:291)
	at org.testng.SuiteRunner.run(SuiteRunner.java:240)
	at org.testng.SuiteRunnerWorker.runSuite(SuiteRunnerWorker.java:52)
	at org.testng.SuiteRunnerWorker.run(SuiteRunnerWorker.java:86)
	at org.testng.TestNG.runSuitesSequentially(TestNG.java:1198)
	at org.testng.TestNG.runSuitesLocally(TestNG.java:1123)
	at org.testng.TestNG.run(TestNG.java:1031)
	at org.testng.remote.AbstractRemoteTestNG.run(AbstractRemoteTestNG.java:115)
	at org.testng.remote.RemoteTestNG.initAndRun(RemoteTestNG.java:251)
	at org.testng.remote.RemoteTestNG.main(RemoteTestNG.java:77)
]]>
            </full-stacktrace>
          </exception> <!-- java.lang.IndexOutOfBoundsException -->
          <reporter-output>
          </reporter-output>
        </test-method> <!-- Goibibo -->
      </class> <!-- Academy.testGoibibo -->
    </test> <!-- Default test -->
  </suite> <!-- Default suite -->
</testng-results>
